0 info it worked if it ends with ok
1 verbose cli [ '/usr/local/bin/node', '/usr/local/bin/npm', 'install' ]
2 info using npm@3.10.10
3 info using node@v6.11.1
4 silly loadCurrentTree Starting
5 silly install loadCurrentTree
6 silly install readLocalPackageData
7 silly install normalizeTree
8 silly loadCurrentTree Finishing
9 silly loadIdealTree Starting
10 silly install loadIdealTree
11 silly cloneCurrentTree Starting
12 silly install cloneCurrentTreeToIdealTree
13 silly cloneCurrentTree Finishing
14 silly loadShrinkwrap Starting
15 silly install loadShrinkwrap
16 silly loadShrinkwrap Finishing
17 silly loadAllDepsIntoIdealTree Starting
18 silly install loadAllDepsIntoIdealTree
19 silly fetchNamedPackageData bower
20 silly mapToRegistry name bower
21 silly mapToRegistry using default registry
22 silly mapToRegistry registry https://registry.npmjs.org/
23 silly mapToRegistry data Result {
23 silly mapToRegistry   raw: 'bower',
23 silly mapToRegistry   scope: null,
23 silly mapToRegistry   escapedName: 'bower',
23 silly mapToRegistry   name: 'bower',
23 silly mapToRegistry   rawSpec: '',
23 silly mapToRegistry   spec: 'latest',
23 silly mapToRegistry   type: 'tag' }
24 silly mapToRegistry uri https://registry.npmjs.org/bower
25 silly fetchNamedPackageData express
26 silly mapToRegistry name express
27 silly mapToRegistry using default registry
28 silly mapToRegistry registry https://registry.npmjs.org/
29 silly mapToRegistry data Result {
29 silly mapToRegistry   raw: 'express',
29 silly mapToRegistry   scope: null,
29 silly mapToRegistry   escapedName: 'express',
29 silly mapToRegistry   name: 'express',
29 silly mapToRegistry   rawSpec: '',
29 silly mapToRegistry   spec: 'latest',
29 silly mapToRegistry   type: 'tag' }
30 silly mapToRegistry uri https://registry.npmjs.org/express
31 silly fetchNamedPackageData gzippo
32 silly mapToRegistry name gzippo
33 silly mapToRegistry using default registry
34 silly mapToRegistry registry https://registry.npmjs.org/
35 silly mapToRegistry data Result {
35 silly mapToRegistry   raw: 'gzippo',
35 silly mapToRegistry   scope: null,
35 silly mapToRegistry   escapedName: 'gzippo',
35 silly mapToRegistry   name: 'gzippo',
35 silly mapToRegistry   rawSpec: '',
35 silly mapToRegistry   spec: 'latest',
35 silly mapToRegistry   type: 'tag' }
36 silly mapToRegistry uri https://registry.npmjs.org/gzippo
37 verbose request uri https://registry.npmjs.org/bower
38 verbose request no auth needed
39 info attempt registry request try #1 at 10:16:49 AM
40 verbose request id ca09a589e377a396
41 http request GET https://registry.npmjs.org/bower
42 verbose request uri https://registry.npmjs.org/express
43 verbose request no auth needed
44 info attempt registry request try #1 at 10:16:49 AM
45 http request GET https://registry.npmjs.org/express
46 verbose request uri https://registry.npmjs.org/gzippo
47 verbose request no auth needed
48 info attempt registry request try #1 at 10:16:49 AM
49 http request GET https://registry.npmjs.org/gzippo
50 info retry will retry, error on last attempt: Error: getaddrinfo ENOTFOUND registry.npmjs.org registry.npmjs.org:443
51 info retry will retry, error on last attempt: Error: getaddrinfo ENOTFOUND registry.npmjs.org registry.npmjs.org:443
52 info retry will retry, error on last attempt: Error: getaddrinfo ENOTFOUND registry.npmjs.org registry.npmjs.org:443
53 info attempt registry request try #2 at 10:16:59 AM
54 http request GET https://registry.npmjs.org/bower
55 info attempt registry request try #2 at 10:16:59 AM
56 http request GET https://registry.npmjs.org/express
57 info attempt registry request try #2 at 10:16:59 AM
58 http request GET https://registry.npmjs.org/gzippo
59 info retry will retry, error on last attempt: Error: getaddrinfo ENOTFOUND registry.npmjs.org registry.npmjs.org:443
60 info retry will retry, error on last attempt: Error: getaddrinfo ENOTFOUND registry.npmjs.org registry.npmjs.org:443
61 info retry will retry, error on last attempt: Error: getaddrinfo ENOTFOUND registry.npmjs.org registry.npmjs.org:443
62 info attempt registry request try #3 at 10:17:59 AM
63 http request GET https://registry.npmjs.org/bower
64 info attempt registry request try #3 at 10:17:59 AM
65 http request GET https://registry.npmjs.org/express
66 info attempt registry request try #3 at 10:17:59 AM
67 http request GET https://registry.npmjs.org/gzippo
68 silly fetchPackageMetaData Error: getaddrinfo ENOTFOUND registry.npmjs.org registry.npmjs.org:443
68 silly fetchPackageMetaData     at errnoException (dns.js:28:10)
68 silly fetchPackageMetaData     at GetAddrInfoReqWrap.onlookup [as oncomplete] (dns.js:76:26)
68 silly fetchPackageMetaData  error for bower@^1.8.0 { Error: getaddrinfo ENOTFOUND registry.npmjs.org registry.npmjs.org:443
68 silly fetchPackageMetaData     at errnoException (dns.js:28:10)
68 silly fetchPackageMetaData     at GetAddrInfoReqWrap.onlookup [as oncomplete] (dns.js:76:26)
68 silly fetchPackageMetaData   code: 'ENOTFOUND',
68 silly fetchPackageMetaData   errno: 'ENOTFOUND',
68 silly fetchPackageMetaData   syscall: 'getaddrinfo',
68 silly fetchPackageMetaData   hostname: 'registry.npmjs.org',
68 silly fetchPackageMetaData   host: 'registry.npmjs.org',
68 silly fetchPackageMetaData   port: 443 }
69 silly fetchPackageMetaData Error: getaddrinfo ENOTFOUND registry.npmjs.org registry.npmjs.org:443
69 silly fetchPackageMetaData     at errnoException (dns.js:28:10)
69 silly fetchPackageMetaData     at GetAddrInfoReqWrap.onlookup [as oncomplete] (dns.js:76:26)
69 silly fetchPackageMetaData  error for express@^4.15.3 { Error: getaddrinfo ENOTFOUND registry.npmjs.org registry.npmjs.org:443
69 silly fetchPackageMetaData     at errnoException (dns.js:28:10)
69 silly fetchPackageMetaData     at GetAddrInfoReqWrap.onlookup [as oncomplete] (dns.js:76:26)
69 silly fetchPackageMetaData   code: 'ENOTFOUND',
69 silly fetchPackageMetaData   errno: 'ENOTFOUND',
69 silly fetchPackageMetaData   syscall: 'getaddrinfo',
69 silly fetchPackageMetaData   hostname: 'registry.npmjs.org',
69 silly fetchPackageMetaData   host: 'registry.npmjs.org',
69 silly fetchPackageMetaData   port: 443 }
70 silly fetchPackageMetaData Error: getaddrinfo ENOTFOUND registry.npmjs.org registry.npmjs.org:443
70 silly fetchPackageMetaData     at errnoException (dns.js:28:10)
70 silly fetchPackageMetaData     at GetAddrInfoReqWrap.onlookup [as oncomplete] (dns.js:76:26)
70 silly fetchPackageMetaData  error for gzippo@^0.2.0 { Error: getaddrinfo ENOTFOUND registry.npmjs.org registry.npmjs.org:443
70 silly fetchPackageMetaData     at errnoException (dns.js:28:10)
70 silly fetchPackageMetaData     at GetAddrInfoReqWrap.onlookup [as oncomplete] (dns.js:76:26)
70 silly fetchPackageMetaData   code: 'ENOTFOUND',
70 silly fetchPackageMetaData   errno: 'ENOTFOUND',
70 silly fetchPackageMetaData   syscall: 'getaddrinfo',
70 silly fetchPackageMetaData   hostname: 'registry.npmjs.org',
70 silly fetchPackageMetaData   host: 'registry.npmjs.org',
70 silly fetchPackageMetaData   port: 443 }
71 silly rollbackFailedOptional Starting
72 silly rollbackFailedOptional Finishing
73 silly runTopLevelLifecycles Finishing
74 silly install printInstalled
75 verbose stack Error: getaddrinfo ENOTFOUND registry.npmjs.org registry.npmjs.org:443
75 verbose stack     at errnoException (dns.js:28:10)
75 verbose stack     at GetAddrInfoReqWrap.onlookup [as oncomplete] (dns.js:76:26)
76 verbose cwd /Volumes/Legacy HD/Neomed_Website/NeomedHC
77 error Darwin 16.1.0
78 error argv "/usr/local/bin/node" "/usr/local/bin/npm" "install"
79 error node v6.11.1
80 error npm  v3.10.10
81 error code ENOTFOUND
82 error errno ENOTFOUND
83 error syscall getaddrinfo
84 error network getaddrinfo ENOTFOUND registry.npmjs.org registry.npmjs.org:443
85 error network This is most likely not a problem with npm itself
85 error network and is related to network connectivity.
85 error network In most cases you are behind a proxy or have bad network settings.
85 error network
85 error network If you are behind a proxy, please make sure that the
85 error network 'proxy' config is set properly.  See: 'npm help config'
86 verbose exit [ 1, true ]
